<?xml version="1.0" encoding="UTF-8"?>
<!-- Generated by org.testng.reporters.JUnitReportReporter -->
<testsuite hostname="john-PC" name="example.NewTest" tests="1" failures="0" timestamp="24 Apr 2016 15:16:14 GMT" time="16.093" errors="0">
  <testcase name="testEasy" time="16.093" classname="example.NewTest"/>
</testsuite> <!-- example.NewTest -->
