<?xml version="1.0" encoding="UTF-8"?>
<!-- Generated by org.testng.reporters.JUnitReportReporter -->
<testsuite hostname="john-PC" name="example.NewTest" tests="1" failures="0" timestamp="24 Apr 2017 06:12:06 GMT" time="42.645" errors="0">
  <testcase name="testEasy" time="42.645" classname="example.NewTest"/>
</testsuite> <!-- example.NewTest -->
